Episode;Total_Rewards
0;6.0
1;15.0
2;14.0
3;7.0
4;21.0
5;26.0
6;8.0
7;20.0
8;7.0
9;3.0
10;28.0
11;4.0
12;2.0
13;4.0
14;5.0
15;3.0
16;10.0
17;25.0
18;61.0
19;11.0
20;28.0
21;29.0
22;0.0
23;3.0
24;2.0
25;41.0
26;8.0
27;8.0
28;1.0
29;5.0
30;-3.0
31;-1.0
32;6.0
33;1.0
34;6.0
35;0.0
36;29.0
37;2.0
38;-1.0
39;2.0
40;4.0
41;1.0
42;2.0
43;5.0
44;1.0
45;-1.0
46;3.0
47;11.0
48;6.0
49;-1.0
50;0.0
51;2.0
52;-1.0
53;0.0
54;4.0
55;3.0
56;-2.0
57;0.0
58;9.0
59;16.0
60;4.0
61;0.0
62;0.0
63;19.0
64;4.0
65;-1.0
66;1.0
67;-1.0
68;21.0
69;-1.0
70;0.0
71;-1.0
72;4.0
73;-1.0
74;1.0
75;0.0
76;2.0
77;-1.0
78;-1.0
79;3.0
80;-1.0
81;0.0
82;-1.0
83;-2.0
84;-1.0
85;0.0
86;-2.0
87;5.0
88;-2.0
89;-2.0
90;-1.0
91;-1.0
92;17.0
93;0.0
94;-1.0
95;-1.0
96;-2.0
97;1.0
98;2.0
99;-3.0
100;-1.0
101;-2.0
102;0.0
103;-1.0
104;5.0
105;-1.0
106;-2.0
107;5.0
108;0.0
109;-2.0
110;-1.0
111;-1.0
112;-1.0
113;-2.0
114;1.0
115;-3.0
116;1.0
117;-1.0
118;-1.0
119;2.0
120;-2.0
121;-1.0
122;0.0
123;0.0
124;5.0
125;-2.0
126;1.0
127;-1.0
128;-2.0
129;-1.0
130;-2.0
131;-3.0
132;-2.0
133;-1.0
134;-1.0
135;-2.0
136;-2.0
137;-3.0
138;1.0
139;1.0
140;1.0
141;1.0
142;-1.0
143;-1.0
144;-1.0
145;8.0
146;0.0
147;-1.0
148;-1.0
149;0.0
150;-2.0
151;1.0
152;-3.0
153;0.0
154;-2.0
155;-1.0
156;-2.0
157;-3.0
158;-1.0
159;-1.0
160;-2.0
161;-2.0
162;-1.0
163;0.0
164;1.0
165;-3.0
166;-1.0
167;1.0
168;-2.0
169;5.0
170;-2.0
171;0.0
172;-2.0
173;-1.0
174;-1.0
175;-2.0
176;-1.0
177;-2.0
178;-2.0
179;-1.0
180;-1.0
181;-2.0
182;4.0
183;-2.0
184;-1.0
185;2.0
186;17.0
187;-1.0
188;-2.0
189;-2.0
190;11.0
191;-1.0
192;-2.0
193;-1.0
194;0.0
195;-1.0
196;1.0
197;-2.0
198;-3.0
199;-3.0
200;-1.0
201;-1.0
202;-2.0
203;-1.0
204;1.0
205;0.0
206;-1.0
207;4.0
208;0.0
209;4.0
210;-1.0
211;16.0
212;3.0
213;-1.0
214;-2.0
215;9.0
216;2.0
217;0.0
218;-1.0
219;-2.0
220;-1.0
221;-1.0
222;-2.0
223;-1.0
224;-1.0
225;-1.0
226;-2.0
227;-2.0
228;2.0
229;0.0
230;0.0
231;-3.0
232;-3.0
233;-2.0
234;-2.0
235;4.0
236;-2.0
237;-3.0
238;-1.0
239;0.0
240;-2.0
241;7.0
242;2.0
243;0.0
244;0.0
245;0.0
246;-3.0
247;-1.0
248;-3.0
249;1.0
250;-1.0
251;2.0
252;15.0
253;-1.0
254;1.0
255;-1.0
256;-2.0
257;0.0
258;-1.0
259;-1.0
260;-1.0
261;-1.0
262;-1.0
263;-1.0
264;-1.0
265;-1.0
266;-2.0
267;-2.0
268;0.0
269;-2.0
270;-2.0
271;-1.0
272;-1.0
273;-3.0
274;0.0
275;1.0
276;5.0
277;4.0
278;1.0
279;0.0
280;-2.0
281;-2.0
282;-3.0
283;-1.0
284;0.0
285;-1.0
286;-2.0
287;2.0
288;-1.0
289;-2.0
290;1.0
291;-2.0
292;-2.0
293;-3.0
294;13.0
295;-2.0
296;-1.0
297;-2.0
298;0.0
299;-1.0
300;1.0
301;4.0
302;-2.0
303;-1.0
304;-1.0
305;0.0
306;2.0
307;1.0
308;10.0
309;16.0
310;-1.0
311;-2.0
312;-2.0
313;-2.0
314;-2.0
315;-3.0
316;30.0
317;-2.0
318;-1.0
319;-2.0
320;-2.0
321;-3.0
322;-2.0
323;-1.0
324;-2.0
325;0.0
326;-2.0
327;-2.0
328;1.0
329;-1.0
330;-2.0
331;-1.0
332;-1.0
333;-3.0
334;-1.0
335;21.0
336;-2.0
337;-2.0
338;0.0
339;-1.0
340;0.0
341;10.0
342;-2.0
343;-2.0
344;-1.0
345;-1.0
346;-3.0
347;2.0
348;-2.0
349;-2.0
350;-1.0
351;-2.0
352;-2.0
353;-1.0
354;0.0
355;2.0
356;-2.0
357;-2.0
358;-2.0
359;-2.0
360;-2.0
361;3.0
362;-1.0
363;-3.0
364;-2.0
365;-1.0
366;-3.0
367;1.0
368;0.0
369;-1.0
370;3.0
371;1.0
372;5.0
373;11.0
374;7.0
375;0.0
376;-1.0
377;9.0
378;15.0
379;1.0
380;-3.0
381;-2.0
382;0.0
383;-2.0
384;12.0
385;17.0
386;-1.0
387;-1.0
388;22.0
389;1.0
390;0.0
391;-2.0
392;-1.0
393;7.0
394;-2.0
395;-1.0
396;2.0
397;-3.0
398;0.0
399;-1.0
400;-1.0
401;-2.0
402;13.0
403;25.0
404;19.0
405;5.0
406;6.0
407;-1.0
408;4.0
409;-1.0
410;11.0
411;26.0
412;-1.0
413;-3.0
414;-2.0
415;-3.0
416;-1.0
417;1.0
418;-2.0
419;6.0
420;-2.0
421;-2.0
422;-2.0
423;-1.0
424;22.0
425;6.0
426;2.0
427;1.0
428;-1.0
429;2.0
430;17.0
431;-1.0
432;-1.0
433;-3.0
434;0.0
435;-2.0
436;1.0
437;17.0
438;15.0
439;-2.0
440;-1.0
441;-2.0
442;-1.0
443;0.0
444;0.0
445;-2.0
446;-3.0
447;-2.0
448;-3.0
449;-2.0
450;-1.0
451;3.0
452;8.0
453;-3.0
454;-1.0
455;-2.0
456;0.0
457;9.0
458;-1.0
459;-3.0
460;-1.0
461;-2.0
462;24.0
463;20.0
464;-1.0
465;-2.0
466;-1.0
467;-2.0
468;0.0
469;-2.0
470;-2.0
471;1.0
472;0.0
473;-2.0
474;-3.0
475;-2.0
476;-1.0
477;-2.0
478;-1.0
479;-2.0
480;-1.0
481;0.0
482;-1.0
483;-1.0
484;1.0
485;-2.0
486;18.0
487;0.0
488;0.0
489;4.0
490;4.0
491;1.0
492;0.0
493;0.0
494;4.0
495;8.0
496;4.0
497;0.0
498;-1.0
499;-1.0
500;2.0
501;-2.0
502;-2.0
503;-1.0
504;2.0
505;-2.0
506;10.0
507;-1.0
508;-2.0
509;19.0
510;0.0
511;-2.0
512;-1.0
513;10.0
514;1.0
515;-2.0
516;-1.0
517;3.0
518;1.0
519;-2.0
520;-2.0
521;-3.0
522;10.0
523;-1.0
524;4.0
525;0.0
526;40.0
527;-2.0
528;1.0
529;7.0
530;17.0
531;-2.0
532;-2.0
533;1.0
534;-1.0
535;3.0
536;4.0
537;1.0
538;11.0
539;11.0
540;-2.0
541;0.0
542;3.0
543;-2.0
544;1.0
545;-1.0
546;8.0
547;10.0
548;13.0
549;-1.0
550;2.0
551;3.0
552;-3.0
553;-2.0
554;-1.0
555;1.0
556;-2.0
557;-2.0
558;-1.0
559;-1.0
560;22.0
561;5.0
562;7.0
563;6.0
564;-2.0
565;-1.0
566;-2.0
567;-1.0
568;1.0
569;-1.0
570;-2.0
571;-3.0
572;0.0
573;-2.0
574;-2.0
575;-3.0
576;-2.0
577;0.0
578;-1.0
579;0.0
580;-3.0
581;-2.0
582;66.0
583;7.0
584;-1.0
585;-2.0
586;-2.0
587;-1.0
588;-2.0
589;-1.0
590;-1.0
591;-1.0
592;-1.0
593;-1.0
594;-1.0
595;-1.0
596;-2.0
597;1.0
598;3.0
599;28.0
600;-2.0
601;-2.0
602;0.0
603;-2.0
604;0.0
605;1.0
606;7.0
607;10.0
608;2.0
609;2.0
610;2.0
611;5.0
612;16.0
613;-1.0
614;12.0
615;21.0
616;15.0
617;29.0
618;1.0
619;0.0
620;12.0
621;1.0
622;7.0
623;-3.0
624;10.0
625;-1.0
626;-2.0
627;-1.0
628;-2.0
629;-1.0
630;-2.0
631;-1.0
632;0.0
633;9.0
634;1.0
635;2.0
636;33.0
637;26.0
638;6.0
639;6.0
640;-2.0
641;7.0
642;14.0
643;2.0
644;21.0
645;2.0
646;-2.0
647;2.0
648;-1.0
649;9.0
650;2.0
651;21.0
652;-1.0
653;14.0
654;12.0
655;19.0
656;-2.0
657;0.0
658;-2.0
659;-1.0
660;1.0
661;9.0
662;-2.0
663;-1.0
664;-2.0
665;21.0
666;2.0
667;-2.0
668;0.0
669;-1.0
670;-2.0
671;-2.0
672;-2.0
673;-1.0
674;-2.0
675;-1.0
676;-1.0
677;-2.0
678;-3.0
679;-1.0
680;-2.0
681;-3.0
682;-2.0
683;-1.0
684;-1.0
685;-2.0
686;-2.0
687;-1.0
688;-3.0
689;-2.0
690;0.0
691;-1.0
692;4.0
693;-2.0
694;1.0
695;-1.0
696;-2.0
697;-1.0
698;-1.0
699;-2.0
700;-1.0
701;-2.0
702;-1.0
703;0.0
704;10.0
705;3.0
706;-3.0
707;2.0
708;8.0
709;5.0
710;-3.0
711;13.0
712;16.0
713;-1.0
714;-3.0
715;-1.0
716;-2.0
717;-3.0
718;-1.0
719;1.0
720;15.0
721;0.0
722;-3.0
723;3.0
724;18.0
725;2.0
726;-1.0
727;-2.0
728;-1.0
729;0.0
730;-1.0
731;23.0
732;-1.0
733;-1.0
734;-1.0
735;0.0
736;20.0
737;0.0
738;19.0
739;12.0
740;-2.0
741;20.0
742;-2.0
743;-2.0
744;-2.0
745;-2.0
746;-2.0
747;0.0
748;23.0
749;27.0
750;13.0
751;1.0
752;13.0
753;-2.0
754;-1.0
755;-1.0
756;-3.0
757;-3.0
758;0.0
759;7.0
760;14.0
761;0.0
762;-2.0
763;1.0
764;20.0
765;-1.0
766;1.0
767;25.0
768;24.0
769;-1.0
770;4.0
771;18.0
772;-3.0
773;-3.0
774;-3.0
775;0.0
776;0.0
777;-1.0
778;-1.0
779;-1.0
780;-2.0
781;-1.0
782;-2.0
783;-1.0
784;-1.0
785;-2.0
786;-1.0
787;-2.0
788;-2.0
789;-3.0
790;-2.0
791;-1.0
792;-1.0
793;-2.0
794;0.0
795;-1.0
796;-3.0
797;0.0
798;0.0
799;-1.0
800;-2.0
801;-1.0
802;19.0
803;-2.0
804;5.0
805;-2.0
806;8.0
807;-3.0
808;-1.0
809;-2.0
810;-1.0
811;-3.0
812;0.0
813;-2.0
814;-3.0
815;9.0
816;7.0
817;-1.0
818;-2.0
819;-2.0
820;14.0
821;-1.0
822;-1.0
823;-1.0
824;-2.0
825;17.0
826;4.0
827;12.0
828;11.0
829;4.0
830;8.0
831;9.0
832;0.0
833;-1.0
834;-2.0
835;-1.0
836;13.0
837;-1.0
838;-1.0
839;-3.0
840;0.0
841;0.0
842;2.0
843;1.0
844;0.0
845;-2.0
846;5.0
847;1.0
848;11.0
849;-3.0
850;-1.0
851;-1.0
852;-1.0
853;-1.0
854;4.0
855;18.0
856;2.0
857;1.0
858;-1.0
859;-2.0
860;0.0
861;-1.0
862;-1.0
863;-1.0
864;10.0
865;-1.0
866;0.0
867;-2.0
868;-1.0
869;-1.0
870;-2.0
871;-2.0
872;0.0
873;-2.0
874;24.0
875;19.0
876;9.0
877;0.0
878;0.0
879;0.0
880;0.0
881;-1.0
882;0.0
883;12.0
884;14.0
885;29.0
886;-1.0
887;-1.0
888;-1.0
889;-1.0
890;-3.0
891;-1.0
892;-1.0
893;-1.0
894;-2.0
895;-1.0
896;-1.0
897;0.0
898;-2.0
899;-2.0
900;-2.0
901;-2.0
902;-2.0
903;-3.0
904;-3.0
905;1.0
906;-2.0
907;0.0
908;-1.0
909;0.0
910;-1.0
911;12.0
912;0.0
913;-1.0
914;1.0
915;16.0
916;15.0
917;9.0
918;-2.0
919;0.0
920;-1.0
921;-1.0
922;-1.0
923;-2.0
924;-2.0
925;-1.0
926;-1.0
927;-3.0
928;-2.0
929;-2.0
930;-2.0
931;-2.0
932;-1.0
933;-1.0
934;-2.0
935;1.0
936;5.0
937;-3.0
938;-1.0
939;0.0
940;0.0
941;-2.0
942;0.0
943;0.0
944;-2.0
945;-2.0
946;11.0
947;0.0
948;-2.0
949;2.0
950;-1.0
951;-1.0
952;-2.0
953;-2.0
954;-1.0
955;-1.0
956;0.0
957;-2.0
958;-1.0
959;-2.0
960;-1.0
961;-2.0
962;-1.0
963;0.0
964;-1.0
965;-3.0
966;-1.0
967;-1.0
968;15.0
969;12.0
970;-2.0
971;2.0
972;-1.0
973;-2.0
974;-1.0
975;-1.0
976;0.0
977;-2.0
978;-3.0
979;-2.0
980;-2.0
981;-2.0
982;-3.0
983;-3.0
984;-3.0
985;-1.0
986;-1.0
987;-3.0
988;-3.0
989;-1.0
990;-2.0
991;-1.0
992;-2.0
993;0.0
994;-3.0
995;-1.0
996;-2.0
997;-3.0
998;-2.0
999;4.0
