Episode;Total_Rewards
0;18.0
1;0.0
2;20.0
3;2.0
4;9.0
5;3.0
6;13.0
7;16.0
8;2.0
9;17.0
10;1.0
11;-2.0
12;10.0
13;3.0
14;19.0
15;57.0
16;14.0
17;10.0
18;21.0
19;6.0
20;9.0
21;18.0
22;16.0
23;13.0
24;12.0
25;4.0
26;31.0
27;3.0
28;3.0
29;3.0
30;8.0
31;2.0
32;3.0
33;21.0
34;16.0
35;50.0
36;15.0
37;17.0
38;7.0
39;9.0
40;3.0
41;3.0
42;62.0
43;8.0
44;6.0
45;54.0
46;56.0
47;1.0
48;8.0
49;47.0
50;43.0
51;0.0
52;2.0
53;78.0
54;2.0
55;22.0
56;38.0
57;54.0
58;7.0
59;18.0
60;37.0
61;55.0
62;49.0
63;8.0
64;0.0
65;18.0
66;3.0
67;13.0
68;100.0
69;30.0
70;23.0
71;18.0
72;5.0
73;20.0
74;45.0
75;17.0
76;1.0
77;-1.0
78;2.0
79;39.0
80;4.0
81;-1.0
82;-1.0
83;14.0
84;1.0
85;22.0
86;1.0
87;4.0
88;13.0
89;16.0
90;2.0
91;82.0
92;13.0
93;1.0
94;32.0
95;78.0
96;2.0
97;64.0
98;70.0
99;33.0
100;23.0
101;1.0
102;8.0
103;27.0
104;3.0
105;33.0
106;8.0
107;3.0
108;61.0
109;19.0
110;0.0
111;1.0
112;96.0
113;2.0
114;17.0
115;12.0
116;90.0
117;54.0
118;6.0
119;9.0
120;74.0
121;61.0
122;1.0
123;1.0
124;38.0
125;39.0
126;34.0
127;50.0
128;2.0
129;63.0
130;70.0
131;57.0
132;-1.0
133;95.0
134;-1.0
135;68.0
136;121.0
137;107.0
138;32.0
139;104.0
140;74.0
141;101.0
142;48.0
143;77.0
144;4.0
145;91.0
146;2.0
147;95.0
148;86.0
149;86.0
150;106.0
151;107.0
152;19.0
153;112.0
154;34.0
155;115.0
156;39.0
157;88.0
158;99.0
159;-1.0
160;2.0
161;30.0
162;56.0
163;92.0
164;13.0
165;99.0
166;43.0
167;91.0
168;103.0
169;47.0
170;88.0
171;45.0
172;0.0
173;74.0
174;103.0
175;142.0
176;119.0
177;97.0
178;78.0
179;126.0
180;56.0
181;96.0
182;89.0
183;101.0
184;102.0
185;58.0
186;52.0
187;31.0
188;110.0
189;97.0
190;1.0
191;-1.0
192;102.0
193;107.0
194;49.0
195;63.0
196;101.0
197;45.0
198;38.0
199;71.0
200;4.0
201;3.0
202;32.0
203;32.0
204;2.0
205;42.0
206;86.0
207;0.0
208;107.0
209;94.0
210;93.0
211;88.0
212;121.0
213;85.0
214;102.0
215;76.0
216;23.0
217;16.0
218;2.0
219;94.0
220;132.0
221;3.0
222;29.0
223;90.0
224;104.0
225;96.0
226;89.0
227;101.0
228;86.0
229;25.0
230;57.0
231;98.0
232;107.0
233;45.0
234;101.0
235;101.0
236;94.0
237;122.0
238;88.0
239;47.0
240;91.0
241;86.0
242;95.0
243;106.0
244;30.0
245;91.0
246;97.0
247;116.0
248;89.0
249;4.0
250;49.0
251;95.0
252;84.0
253;47.0
254;89.0
255;102.0
256;102.0
257;109.0
258;55.0
259;87.0
260;93.0
261;172.0
262;91.0
263;93.0
264;49.0
265;64.0
266;55.0
267;109.0
268;29.0
269;103.0
270;48.0
271;133.0
272;119.0
273;89.0
274;99.0
275;92.0
276;96.0
277;81.0
278;94.0
279;50.0
280;71.0
281;25.0
282;92.0
283;2.0
284;93.0
285;78.0
286;91.0
287;87.0
288;87.0
289;27.0
290;41.0
291;110.0
292;23.0
293;98.0
294;97.0
295;34.0
296;30.0
297;23.0
298;1.0
299;67.0
300;28.0
301;46.0
302;79.0
303;52.0
304;122.0
305;108.0
306;53.0
307;111.0
308;57.0
309;51.0
310;46.0
311;27.0
312;117.0
313;112.0
314;104.0
315;133.0
316;101.0
317;122.0
318;30.0
319;25.0
320;111.0
321;96.0
322;117.0
323;114.0
324;123.0
325;121.0
326;92.0
327;41.0
328;75.0
329;27.0
330;102.0
331;128.0
332;92.0
333;103.0
334;72.0
335;102.0
336;48.0
337;75.0
338;112.0
339;95.0
340;79.0
341;50.0
342;45.0
343;39.0
344;90.0
345;101.0
346;39.0
347;54.0
348;91.0
349;49.0
350;119.0
351;86.0
352;114.0
353;126.0
354;106.0
355;104.0
356;50.0
357;130.0
358;76.0
359;119.0
360;108.0
361;50.0
362;105.0
363;38.0
364;130.0
365;24.0
366;110.0
367;-1.0
368;118.0
369;46.0
370;109.0
371;133.0
372;119.0
373;129.0
374;117.0
375;114.0
376;127.0
377;138.0
378;127.0
379;160.0
380;5.0
381;136.0
382;47.0
383;125.0
384;119.0
385;144.0
386;131.0
387;130.0
388;136.0
389;0.0
390;121.0
391;118.0
392;43.0
393;122.0
394;128.0
395;123.0
396;122.0
397;121.0
398;123.0
399;115.0
400;131.0
401;121.0
402;119.0
403;136.0
404;123.0
405;73.0
406;122.0
407;70.0
408;133.0
409;129.0
410;115.0
411;69.0
412;125.0
413;130.0
414;144.0
415;126.0
416;141.0
417;130.0
418;137.0
419;134.0
420;148.0
421;118.0
422;129.0
423;147.0
424;27.0
425;126.0
426;126.0
427;52.0
428;131.0
429;141.0
430;126.0
431;133.0
432;31.0
433;26.0
434;125.0
435;55.0
436;120.0
437;124.0
438;126.0
439;112.0
440;131.0
441;24.0
442;108.0
443;126.0
444;122.0
445;116.0
446;140.0
447;120.0
448;135.0
449;133.0
450;126.0
451;103.0
452;112.0
453;145.0
454;132.0
455;120.0
456;117.0
457;50.0
458;27.0
459;104.0
460;149.0
461;123.0
462;120.0
463;127.0
464;131.0
465;26.0
466;146.0
467;143.0
468;174.0
469;134.0
470;129.0
471;113.0
472;133.0
473;128.0
474;123.0
475;136.0
476;142.0
477;138.0
478;136.0
479;118.0
480;3.0
481;135.0
482;146.0
483;140.0
484;152.0
485;139.0
486;131.0
487;138.0
488;132.0
489;34.0
490;124.0
491;137.0
492;136.0
493;43.0
494;28.0
495;123.0
496;148.0
497;127.0
498;140.0
499;142.0
500;133.0
501;134.0
502;139.0
503;176.0
504;133.0
505;48.0
506;134.0
507;140.0
508;121.0
509;136.0
510;151.0
511;28.0
512;131.0
513;134.0
514;31.0
515;50.0
516;157.0
517;137.0
518;132.0
519;144.0
520;141.0
521;142.0
522;50.0
523;132.0
524;141.0
525;124.0
526;123.0
527;44.0
528;141.0
529;116.0
530;62.0
531;46.0
532;132.0
533;25.0
534;124.0
535;121.0
536;135.0
537;136.0
538;124.0
539;152.0
540;54.0
541;32.0
542;57.0
543;153.0
544;137.0
545;61.0
546;19.0
547;39.0
548;57.0
549;20.0
550;50.0
551;141.0
552;152.0
553;52.0
554;128.0
555;117.0
556;137.0
557;46.0
558;136.0
559;121.0
560;127.0
561;142.0
562;46.0
563;145.0
564;52.0
565;132.0
566;131.0
567;46.0
568;39.0
569;21.0
570;141.0
571;149.0
572;141.0
573;132.0
574;129.0
575;111.0
576;131.0
577;128.0
578;128.0
579;121.0
580;121.0
581;27.0
582;121.0
583;1.0
584;146.0
585;127.0
586;132.0
587;142.0
588;121.0
589;138.0
590;124.0
591;135.0
592;135.0
593;119.0
594;129.0
595;123.0
596;117.0
597;130.0
598;135.0
599;136.0
600;134.0
601;21.0
602;127.0
603;147.0
604;135.0
605;128.0
606;130.0
607;124.0
608;44.0
609;127.0
610;140.0
611;122.0
612;127.0
613;125.0
614;130.0
615;121.0
616;133.0
617;122.0
618;138.0
619;149.0
620;139.0
621;106.0
622;113.0
623;117.0
624;153.0
625;132.0
626;82.0
627;132.0
628;46.0
629;124.0
630;145.0
631;115.0
632;135.0
633;40.0
634;134.0
635;118.0
636;134.0
637;136.0
638;112.0
639;109.0
640;114.0
641;126.0
642;51.0
643;127.0
644;117.0
645;118.0
646;115.0
647;128.0
648;122.0
649;116.0
650;120.0
651;81.0
652;109.0
653;110.0
654;121.0
655;118.0
656;125.0
657;119.0
658;116.0
659;126.0
660;137.0
661;121.0
662;122.0
663;124.0
664;115.0
665;112.0
666;121.0
667;114.0
668;118.0
669;128.0
670;42.0
671;41.0
672;123.0
673;120.0
674;110.0
675;112.0
676;106.0
677;126.0
678;114.0
679;129.0
680;117.0
681;131.0
682;127.0
683;120.0
684;19.0
685;42.0
686;110.0
687;123.0
688;144.0
689;140.0
690;124.0
691;140.0
692;124.0
693;122.0
694;106.0
695;130.0
696;113.0
697;131.0
698;116.0
699;118.0
700;113.0
701;134.0
702;132.0
703;105.0
704;130.0
705;42.0
706;133.0
707;125.0
708;109.0
709;56.0
710;40.0
711;125.0
712;114.0
713;119.0
714;117.0
715;35.0
716;113.0
717;129.0
718;123.0
719;115.0
720;127.0
721;122.0
722;125.0
723;114.0
724;129.0
725;119.0
726;126.0
727;109.0
728;125.0
729;122.0
730;23.0
731;108.0
732;28.0
733;33.0
734;126.0
735;119.0
736;77.0
737;111.0
738;132.0
739;124.0
740;42.0
741;129.0
742;112.0
743;131.0
744;129.0
745;46.0
746;38.0
747;123.0
748;128.0
749;113.0
750;130.0
751;125.0
752;119.0
753;120.0
754;114.0
755;134.0
756;129.0
757;130.0
758;33.0
759;120.0
760;109.0
761;107.0
762;131.0
763;108.0
764;129.0
765;116.0
766;110.0
767;117.0
768;116.0
769;126.0
770;123.0
771;44.0
772;129.0
773;28.0
774;113.0
775;78.0
776;131.0
777;113.0
778;121.0
779;104.0
780;117.0
781;115.0
782;116.0
783;120.0
784;46.0
785;111.0
786;37.0
787;125.0
788;110.0
789;126.0
790;119.0
791;35.0
792;118.0
793;123.0
794;112.0
795;47.0
796;126.0
797;108.0
798;111.0
799;122.0
