Episode;Steps;Total_Rewards
1;110;-345.3526922592479
2;84;-136.0746835106421
3;68;-101.07670565876393
4;64;-78.1649772459298
5;115;3.2109026925041775
6;74;-64.08215945833865
7;117;-243.40816248343646
8;121;-253.34646601652815
9;101;-145.0681798692139
10;151;-349.2326543246738
11;104;-78.2458052948623
12;89;-59.95960679483119
13;60;-144.08488292309758
14;78;-300.8505341869081
15;90;-203.19119812085324
16;91;-312.15858937695776
17;67;-92.95046100465443
18;78;-219.2104655971994
19;106;-166.12124431525433
20;87;-85.22494947745083
21;107;-32.96747888171899
22;98;-88.29757092552747
23;84;-135.35107869917277
24;94;-267.4087650927829
25;112;-209.19362541976
26;71;-73.00567939242671
27;107;-134.02590669899735
28;99;-216.2062757456216
29;122;-174.11621904890796
30;91;-144.55716276145452
31;147;-0.6546793037301626
32;92;-113.19212936746183
33;186;-305.1196603571001
34;120;-101.88901083137713
35;71;-111.18279405914102
36;119;-133.25013780714568
37;109;-112.51635364487092
38;65;-89.68331694235388
39;119;-147.96159675278602
40;101;-115.07990806834442
41;64;-75.73259290751591
42;142;-76.78560589243733
43;87;-53.52929336958822
44;93;-79.79693773189065
45;90;-147.05083336111335
46;125;-67.17309694487801
47;81;-18.316420584211002
48;127;-124.69646580730594
49;86;-119.75165287323497
50;104;-91.62233863003348
51;130;-85.71093546537892
52;126;-107.52968018626872
53;101;-92.74830101094746
54;138;-31.13617581921325
55;88;-130.07234828958337
56;109;-66.49444696862021
57;124;-66.75503413215979
58;105;-112.71890121603278
59;70;-54.22399936118704
60;116;-139.45347608705947
61;126;-99.67581338154889
62;108;-32.279317827132715
63;176;-58.85932837948009
64;138;-36.366682399288855
65;91;-76.93512078436959
66;87;-62.45187196179111
67;164;-8.556478853492806
68;149;-230.70247896316204
69;138;-18.214006993922496
70;124;-101.35590328722759
71;82;4.358279534687981
72;90;-102.2166065249656
73;148;-24.45764720003281
74;145;-124.38552435754386
75;118;-97.44960686198844
76;99;-102.82734359602975
77;120;-50.90916806055955
78;116;-38.64457482923498
79;114;4.989822189342476
80;135;-45.568261776383636
81;131;-55.34518538804752
82;178;-116.06997539742434
83;58;-46.93440524237421
84;150;11.140895854240952
85;110;-59.232918348414614
86;90;-48.75413255360701
87;77;-57.549584563774175
88;93;-26.183140965551033
89;125;-84.45391217965476
90;169;-35.05816243642886
91;73;-26.364510454078726
92;154;-50.85546324716568
93;86;-87.92584084736673
94;178;-89.17296508484964
95;70;-72.67691476266317
96;98;-93.01725023309446
97;175;-61.382489942285765
98;160;-65.9544191952366
99;115;-3.230022385669443
100;157;-21.803569702391016
101;184;13.13650387375732
102;70;-65.28362508514874
103;122;-4.657386253047164
104;204;-60.831465102985874
105;118;-212.40394739412596
106;156;-50.264604045230996
107;146;-36.51460104928732
108;199;-43.38716469333353
109;113;-65.59726741444939
110;181;-12.533373959367125
111;89;-24.127903656406872
112;80;-56.77036569319908
113;93;-39.48798425877548
114;122;-50.32178400530226
115;128;-29.468105944743996
116;167;36.70086008993965
117;156;-63.41005736073581
118;267;-107.80530173030047
119;62;-42.94051219864975
120;127;-0.28676535191289076
121;159;-18.20926209464089
122;203;-90.27698171418965
123;678;-40.648364188175705
124;97;-51.867095911281
125;321;-43.815716285794224
126;799;7.7450645720211435
127;96;-46.47435487988545
128;191;-68.9812392978026
129;115;15.96855987464535
130;193;-50.317496045867394
131;799;88.70989301425142
132;145;-30.402176191548904
133;309;-7.442739800322741
134;162;-49.14186045524683
135;93;13.503900413997826
136;120;-44.88521100059018
137;223;-6.278156123725083
138;227;-58.296623684647
139;176;-25.098391470441044
140;139;-10.593978843355089
141;138;-106.75613864905897
142;301;-72.1310978189089
143;199;39.65757264807152
144;133;-24.95123029411947
145;113;-98.41674348315414
146;91;-78.00397007611471
147;799;59.02611328328783
148;799;88.22784861914523
149;799;88.8555708265898
150;159;-23.13031430454143
151;237;-5.293364610665876
152;799;82.61290195151781
153;70;-47.50167599593361
154;233;2.0605478314574412
155;799;112.9030863462679
156;799;115.98829956355061
157;176;36.39091346842474
158;125;-46.54923804117949
159;377;-105.77894825272607
160;605;-84.09036452223941
161;609;-63.12725241813401
162;799;140.84746194592427
163;799;88.0999459078541
164;267;-33.19977610087173
165;799;96.3413549885598
166;799;-24.914599933363327
167;94;-26.333136585088326
168;158;21.38720929796895
169;320;-12.747249961057705
170;274;-49.007147199028154
171;799;101.96724973197065
172;799;1.8722996525886868
173;799;66.01363232436071
174;799;55.770302067389835
175;799;79.40721825829901
176;799;-71.8564734743738
177;799;75.60057792037422
178;799;63.31508185015919
179;799;72.595222258115
180;799;57.70691498333956
181;799;63.17017761729634
182;799;75.2277172698318
183;799;54.4793623041215
184;799;108.6376971110952
185;799;0.8440117520823378
186;799;68.90399601617094
187;799;-55.072131463401504
188;799;19.436085736225746
189;799;37.2740541705834
190;799;19.07806568947566
191;603;-176.97183136712343
192;799;-5.68707748672184
193;799;62.15985054289505
194;799;56.92446381329812
195;799;76.67898074961289
196;799;-58.512197011619
197;799;-0.007344251699284321
198;799;73.86859950788038
199;218;-49.26073176723047
200;799;17.496047851914426
201;799;-67.2312913086398
202;799;-2.071359843982132
203;799;-0.04892352391937144
204;799;-46.46265989858793
205;799;22.71861223434831
206;799;19.52375565400751
207;799;-15.116158716878296
208;235;-30.46680210874179
209;799;119.14016129655899
210;799;29.26736892069405
211;799;-2.6867566023564784
212;799;1.304960758490176
213;799;16.75208665907398
214;799;-13.163653417520823
215;799;-58.07933214313094
216;799;-29.23864467885602
217;799;0.047589315604933624
218;799;100.35925305854452
219;799;-9.142992802203922
220;799;150.76389570244314
221;799;-31.41528423412811
222;799;-39.7161170122186
223;799;-69.7426051718861
224;799;42.44323103680101
225;799;-27.579517862902158
226;799;22.269736323955794
227;799;-10.986150242842887
228;799;-53.593231596846664
229;799;-38.36107659375512
230;799;-3.8465944864037365
231;799;26.711911522007068
232;799;142.15484738365262
233;700;-90.48223620017401
234;799;-29.41560547508601
235;799;-27.344194539566022
236;799;-24.16928040728048
237;799;-45.9122397256764
238;799;56.33425960188136
239;799;-29.045583235164216
240;799;-38.90293499024348
241;799;-10.008656003413531
242;799;39.41524998570574
243;799;0.8522316746256311
244;799;-8.186177655915667
245;799;-44.085324238178195
246;799;8.394985069603138
247;799;33.70510514157423
248;799;76.73006190744155
249;799;-26.848911820249928
250;799;40.263829545812264
251;799;-60.31763969544997
252;799;-34.96188026967636
253;799;-2.389883887927132
254;799;-61.50538301969284
255;799;31.253357521176742
256;799;-5.173424392921975
257;799;34.7111504392342
258;582;290.7325364432219
259;799;-59.51894493521407
260;799;-52.513042677166055
261;799;-48.105346100874954
262;799;-7.727683882797866
263;799;-67.04742307940808
264;799;-71.3106588888264
265;744;258.6587133191654
266;799;-54.564919942810334
267;799;1.8222680809183287
268;799;51.43703769389749
269;799;-17.950019427893178
270;799;-63.605774093610364
271;799;10.315005562248984
272;799;-34.97537545993261
273;799;21.888454536592178
274;799;-43.45610070809145
275;799;-18.880528450269928
276;799;3.9221584059600474
277;799;-22.218639626237533
278;799;-23.45123816969227
279;799;-71.68551944628493
280;799;-51.91865814931343
281;799;0.03863381874411709
282;799;-61.54213036439657
283;799;-64.69453466802948
284;799;-73.6296081830248
285;799;-38.460028391039806
286;799;-24.40184790418852
287;799;-25.663046706482294
288;799;-47.93429323098724
289;799;-28.320741177026
290;799;-33.635240612181754
291;799;-42.80771032939791
292;799;-65.09641155516505
293;799;-0.08652020412572997
294;799;-67.23553451675448
295;799;0.05123621398402456
296;799;-51.35276793242856
297;799;23.75165176389326
298;799;-63.34659046281001
299;799;-71.57465882081867
300;799;-70.69423519810101
301;799;12.192809360899357
302;799;-32.480156250390316
303;799;-79.8434192655255
304;799;-61.934712170551585
305;799;-45.29520848450564
306;509;-105.47165854700035
307;799;-35.01494892213458
308;799;-39.0498647452458
309;799;-38.19158671177948
310;799;-45.01210710272893
311;799;-18.326810610956226
312;799;-46.354625555017186
313;799;-67.75329289362932
314;799;-33.83523411030639
315;799;-72.77534164289128
316;799;-31.934590166279172
317;799;-35.66273708313159
318;799;-40.15180526120717
319;799;-65.03640844294249
320;799;-64.20652026343579
321;799;-42.60373526010804
322;799;-27.12510196016593
323;799;-5.6917192614383785
324;583;-120.89239890992462
325;799;-35.0747791381912
326;799;-49.228123321815474
327;799;-88.50564911752349
328;799;-56.81945250899953
329;799;-82.56274536635551
330;799;-42.157984197081845
331;799;-73.35092540696657
332;799;-20.080132114644364
333;799;-51.311923773119375
334;799;-18.354753559713796
335;602;-130.90279219801033
336;799;-39.85698156659047
337;799;-50.84526418595508
338;799;-54.908334006791605
339;523;-142.25122303060954
340;799;-29.912381734461974
341;799;-71.60811716464187
342;445;-95.19004903524377
343;799;-49.723924647987815
344;799;-10.456908713407087
345;799;-35.54216712024036
346;799;-41.03062045176124
347;799;-60.839852969770675
348;799;-52.92594151319541
349;799;-34.64433340952557
350;799;-23.093737780917163
351;799;-96.21926231126618
352;799;-25.846311291007932
353;799;-30.07619579407102
354;757;-157.00465111401567
355;679;-172.52596270980004
356;799;-72.37232859645134
357;799;-63.39020828870164
358;799;-56.18608017462752
359;799;-83.5515616420819
360;799;-43.282035700174546
361;559;-134.83904161692166
362;799;-40.47212445931591
363;799;-48.84300563327619
364;799;-67.46269104258496
365;799;-32.87401920689813
366;799;-56.859399981762635
367;799;-64.41344498870828
368;799;-69.96296462784251
369;799;-20.95002538993277
370;799;-32.13929826911669
371;799;-66.92194055549301
372;799;-50.68760608417551
373;799;-17.66597906759172
374;799;-20.765121254959883
375;799;-66.82481586577096
376;799;-47.93132631235093
377;799;-50.75169705568391
378;799;-39.676724584957725
379;799;-79.05496618414442
380;464;-103.41761888024884
381;799;-49.185374369179286
382;799;-27.67369747230713
383;535;-100.94774056694081
384;799;-45.65779850813516
385;730;-137.05048450605298
386;799;-45.94558660189833
387;799;-69.91007674208274
388;799;-35.075171427833226
389;799;-57.480978379239005
390;799;-70.6988013294885
391;799;-23.894954996446106
392;799;-34.656100035471894
393;799;-59.66755859035079
394;799;-72.3665400424855
395;470;-93.88469996768913
396;799;-45.73586340733854
397;799;-49.12068945778315
398;799;-51.54047828054981
399;799;-39.852758035788064
400;799;-47.78931187965687
401;799;-64.26891693232926
402;799;-40.20831830361485
403;799;-46.669041173333675
404;799;-28.988237278489002
405;799;-64.06088616736848
406;799;-37.28583092272868
407;799;-39.01649373993977
408;799;-50.149931261732576
409;799;-75.28217556046452
410;799;-39.51301980463914
411;799;-48.64175022184551
412;799;30.90646312887541
413;799;-59.43285808582738
414;799;-48.32071641568276
415;481;-99.89331137148922
416;740;-156.09389122175844
417;799;-53.67107884604226
418;799;-70.37230005816647
419;799;-40.071169530992634
420;799;-29.074654105091533
421;799;-71.08741423981718
422;799;-53.881984811477466
423;799;-41.12170479496521
424;726;-155.65150654579293
425;799;-91.86598519941262
426;799;-86.74088179908046
427;799;-81.84365017053308
428;799;-60.43446598748886
429;799;-86.34205074452069
430;799;-49.896403852385404
431;247;-55.76663317360716
432;799;-56.95548733565951
433;799;-65.26473385836736
434;351;-88.23562392175916
435;669;-157.30801951079616
436;799;-58.23911142179074
437;799;-43.99247336134044
438;799;-95.91745263522645
439;799;-64.78173630636512
440;799;-54.192330762460855
441;799;-60.98575428537055
441;999;-109.38860724173048
442;999;-82.4649596154613
443;610;-168.7239554757653
444;370;-98.34659557873063
445;999;-103.86866805703615
446;979;-202.36077791629214
447;999;-79.9788547868178
448;999;-132.654137661271
449;999;-18.758520877645918
450;999;-66.68795331546742
451;999;-80.53426835774206
452;994;-214.06734566737208
